<?xml version="1.0" encoding="UTF-8"?>
<testng-results skipped="0" failed="0" ignored="0" total="1" passed="1">
  <reporter-output>
  </reporter-output>
  <suite name="Default suite" duration-ms="8878" started-at="2018-02-11T00:04:38Z" finished-at="2018-02-11T00:04:47Z">
    <groups>
    </groups>
    <test name="Default test" duration-ms="8878" started-at="2018-02-11T00:04:38Z" finished-at="2018-02-11T00:04:47Z">
      <class name="workingwithelements.FileDownloadWithChromeOptions">
        <test-method status="PASS" signature="setUp()[pri:0, instance:workingwithelements.FileDownloadWithChromeOptions@5b275dab]" name="setUp" is-config="true" duration-ms="4988" started-at="2018-02-11T00:04:38Z" finished-at="2018-02-11T00:04:43Z">
          <reporter-output>
          </reporter-output>
        </test-method> <!-- setUp -->
        <test-method status="PASS" signature="testDownloadFile()[pri:0, instance:workingwithelements.FileDownloadWithChromeOptions@5b275dab]" name="testDownloadFile" duration-ms="3192" started-at="2018-02-11T00:04:43Z" finished-at="2018-02-11T00:04:46Z">
          <reporter-output>
          </reporter-output>
        </test-method> <!-- testDownloadFile -->
        <test-method status="PASS" signature="tearDown()[pri:0, instance:workingwithelements.FileDownloadWithChromeOptions@5b275dab]" name="tearDown" is-config="true" duration-ms="670" started-at="2018-02-11T00:04:46Z" finished-at="2018-02-11T00:04:47Z">
          <reporter-output>
          </reporter-output>
        </test-method> <!-- tearDown -->
      </class> <!-- workingwithelements.FileDownloadWithChromeOptions -->
    </test> <!-- Default test -->
  </suite> <!-- Default suite -->
</testng-results>
